<?xml version="1.0" encoding="UTF-8"?>
<!-- Generated by org.testng.reporters.JUnitReportReporter -->
<testsuite hostname="lynnli01.qa.cpth.ie" name="com.sum.ParameterizedTest1" tests="1" failures="0" timestamp="16 Jun 2015 02:46:45 GMT" time="0.009" errors="0">
  <testcase name="ParaTest" time="0.009" classname="com.sum.ParameterizedTest1"/>
</testsuite> <!-- com.sum.ParameterizedTest1 -->
