<?xml version="1.0" encoding="UTF-8"?>
<!-- Generated by org.testng.reporters.JUnitReportReporter -->
<testsuite hostname="lynnli01.qa.cpth.ie" name="com.sum.TestHelloWorldTestNG_Fail" tests="1" failures="0" timestamp="16 Jun 2015 09:00:25 GMT" time="13.086" errors="0">
  <testcase name="helloWorld" time="13.086" classname="com.sum.TestHelloWorldTestNG_Fail"/>
</testsuite> <!-- com.sum.TestHelloWorldTestNG_Fail -->
