<?xml version="1.0" encoding="UTF-8"?>
<!-- Generated by org.testng.reporters.JUnitReportReporter -->
<testsuite hostname="lynnli01.qa.cpth.ie" name="com.sum.NewTest" tests="1" failures="0" timestamp="16 Jun 2015 01:59:15 GMT" time="0.011" errors="0">
  <testcase name="f" time="0.011" classname="com.sum.NewTest"/>
</testsuite> <!-- com.sum.NewTest -->
