<?xml version="1.0" encoding="UTF-8"?>
<!-- Generated by org.testng.reporters.JUnitReportReporter -->
<testsuite hostname="lynnli01.qa.cpth.ie" name="com.sum.GroupTest" tests="2" failures="0" timestamp="16 Jun 2015 02:32:04 GMT" time="0.011" errors="0">
  <testcase name="testOpenPage" time="0.001" classname="com.sum.GroupTest"/>
  <testcase name="testLogin" time="0.010" classname="com.sum.GroupTest"/>
</testsuite> <!-- com.sum.GroupTest -->
