<?xml version="1.0" encoding="UTF-8"?>
<!-- Generated by org.testng.reporters.JUnitReportReporter -->
<testsuite hostname="lynnli01.qa.cpth.ie" name="com.sum.ExceptionTest" tests="1" failures="0" timestamp="16 Jun 2015 02:41:50 GMT" time="0.010" errors="0">
  <testcase name="testException" time="0.010" classname="com.sum.ExceptionTest"/>
</testsuite> <!-- com.sum.ExceptionTest -->
