<?xml version="1.0" encoding="UTF-8"?>
<!-- Generated by org.testng.reporters.JUnitReportReporter -->
<testsuite hostname="lynnli01.qa.cpth.ie" name="com.sum.TestNGLearn1" tests="1" failures="0" timestamp="16 Jun 2015 02:40:33 GMT" time="0.011" errors="0">
  <testcase name="TestNgLearn" time="0.011" classname="com.sum.TestNGLearn1"/>
</testsuite> <!-- com.sum.TestNGLearn1 -->
