<?xml version="1.0" encoding="UTF-8"?>
<!-- Generated by org.testng.reporters.JUnitReportReporter -->
<testsuite hostname="lynnli01.qa.cpth.ie" name="com.sum.DataProviderLearn" tests="3" failures="0" timestamp="16 Jun 2015 02:48:24 GMT" time="0.009" errors="0">
  <testcase name="verifyUser" time="0.000" classname="com.sum.DataProviderLearn"/>
  <testcase name="verifyUser" time="0.008" classname="com.sum.DataProviderLearn"/>
  <testcase name="verifyUser" time="0.001" classname="com.sum.DataProviderLearn"/>
</testsuite> <!-- com.sum.DataProviderLearn -->
